Arguments: 
  C:\Program Files\nodejs\node.exe C:\Users\Wojtek\AppData\Roaming\npm\node_modules\yarn\bin\yarn.js add @types/node-irc --save-dev

PATH: 
  C:\ProgramData\Oracle\Java\javapath;C:\Program Files\Common Files\Oracle\Java\javapath;F:\VM\bin\;C:\Windows\system32;C:\Windows;C:\Windows\System32\Wbem;C:\Windows\System32\WindowsPowerShell\v1.0\;C:\Windows\System32\OpenSSH\;C:\Program Files\NVIDIA Corporation\NVIDIA NvDLISR;C:\Program Files (x86)\NVIDIA Corporation\PhysX\Common;C:\Program Files\nodejs\;C:\Program Files\Git\cmd;C:\Program Files\Neovim\/bin;C:\Program Files\starship\bin\;C:\Program Files\PuTTY\;C:\Program Files\Cloudflare\Cloudflare WARP\;C:\Users\Wojtek\.cargo\bin;C:\Users\Wojtek\AppData\Local\Microsoft\WindowsApps;C:\Users\Wojtek\AppData\Local\Programs\Microsoft VS Code\bin;C:\Users\Wojtek\AppData\Roaming\npm;F:\MinGW\bin;F:\CMake\bin;C:\Program Files\Neovim\bin;C:\Users\Wojtek\spicetify-cli;C:\Users\Wojtek\AppData\Local\Programs\oh-my-posh\bin

Yarn version: 
  1.22.19

Node version: 
  16.15.1

Platform: 
  win32 x64

Trace: 
  Error: https://registry.yarnpkg.com/@types%2fnode-irc: Not found
      at Request.params.callback [as _callback] (C:\Users\Wojtek\AppData\Roaming\npm\node_modules\yarn\lib\cli.js:66145:18)
      at Request.self.callback (C:\Users\Wojtek\AppData\Roaming\npm\node_modules\yarn\lib\cli.js:140890:22)
      at Request.emit (node:events:527:28)
      at Request.<anonymous> (C:\Users\Wojtek\AppData\Roaming\npm\node_modules\yarn\lib\cli.js:141862:10)
      at Request.emit (node:events:527:28)
      at IncomingMessage.<anonymous> (C:\Users\Wojtek\AppData\Roaming\npm\node_modules\yarn\lib\cli.js:141784:12)
      at Object.onceWrapper (node:events:641:28)
      at IncomingMessage.emit (node:events:539:35)
      at endReadableNT (node:internal/streams/readable:1345:12)
      at processTicksAndRejections (node:internal/process/task_queues:83:21)

npm manifest: 
  {
    "dependencies": {
      "node-irc": "^0.0.5",
      "typescript": "^4.8.4"
    },
    "name": "discosu",
    "version": "1.0.0",
    "main": "index.js",
    "devDependencies": {},
    "scripts": {
      "run": "node index.js",
      "start": "tsc && node index.js",
      "build": "tsc"
    },
    "author": "",
    "license": "ISC",
    "description": ""
  }

yarn manifest: 
  No manifest

Lockfile: 
  # THIS IS AN AUTOGENERATED FILE. DO NOT EDIT THIS FILE DIRECTLY.
  # yarn lockfile v1
  
  
  node-irc@^0.0.5:
    version "0.0.5"
    resolved "https://registry.yarnpkg.com/node-irc/-/node-irc-0.0.5.tgz#a79f747b9dd40fa8ae0c03d565a64d43451e8d14"
    integrity sha512-2K1tSLIz4zKn9s78AYRPuWRdAVqHH5ZebRHqzYSCaW8ZDcOemxUfWCrvf9RPAudQsiG3ZiHEQfNFSG5qVxkwrA==
    optionalDependencies:
      proxysocket "^1.2.0"
  
  proxysocket@^1.2.0:
    version "1.2.0"
    resolved "https://registry.yarnpkg.com/proxysocket/-/proxysocket-1.2.0.tgz#0d654c36754a40421e7e65971d62fe1f1a6938b7"
    integrity sha512-9QhaRGSmWMeCV+XdmAPvhRYOQTwi89gWa49ZWoPoVgGLMHGxjcJi1jtRq0wPQ1D0NUm64XCxBwoyU3M3+LzfeA==
  
  typescript@^4.8.4:
    version "4.8.4"
    resolved "https://registry.yarnpkg.com/typescript/-/typescript-4.8.4.tgz#c464abca159669597be5f96b8943500b238e60e6"
    integrity sha512-QCh+85mCy+h0IGff8r5XWzOVSbBO+KfeYrMQh7NJ58QujwcE22u+NUSmUxqF+un70P9GXKxa2HCNiTTMJknyjQ==
